<?xml version="1.0" encoding="UTF-8"?>
<!-- Generated by org.testng.reporters.JUnitXMLReporter -->
<testsuite hostname="DESKTOP-F2LTFAU" ignored="3" name="Smoke Test" tests="1" failures="1" timestamp="2020-09-12T21:33:34 ALMT" time="14.598" errors="0">
  <testcase name="validLogin" time="3.006" classname="com.hrms.testcases.LoginTest">
    <failure type="java.lang.NullPointerException">
      <![CDATA[java.lang.NullPointerException
at com.hrms.utils.CommonMethods.sendText(CommonMethods.java:28)
at com.hrms.testcases.LoginTest.validLogin(LoginTest.java:20)
at java.util.ArrayList.forEach(ArrayList.java:1257)
... Removed 27 stack frames]]>
    </failure>
  </testcase> <!-- validLogin -->
  <testcase name="addEmployee" time="0.0" classname="com.hrms.testcases.AddEmployeeTest">
    <ignored/>
  </testcase> <!-- addEmployee -->
  <testcase name="invalidLogin" time="0.0" classname="com.hrms.testcases.LoginTest">
    <ignored/>
  </testcase> <!-- invalidLogin -->
  <testcase name="addMultipleEmployees" time="0.0" classname="com.hrms.testcases.AddEmployeeTest">
    <ignored/>
  </testcase> <!-- addMultipleEmployees -->
</testsuite> <!-- Smoke Test -->
