<?xml version="1.0" encoding="UTF-8"?>
<!-- Generated by org.testng.reporters.JUnitXMLReporter -->
<testsuite hostname="DESKTOP-F2LTFAU" ignored="1" name="Regression Test" tests="9" failures="9" timestamp="2020-09-12T18:33:34 ALMT" time="100.32" errors="0">
  <testcase name="addEmployee" time="0.008" classname="com.hrms.testcases.AddEmployeeTest">
    <failure type="java.lang.NullPointerException">
      <![CDATA[java.lang.NullPointerException
at com.hrms.testcases.AddEmployeeTest.addEmployee(AddEmployeeTest.java:20)
at java.util.ArrayList.forEach(ArrayList.java:1257)
... Removed 27 stack frames]]>
    </failure>
  </testcase> <!-- addEmployee -->
  <testcase name="addEmployee" time="0.002" classname="com.hrms.testcases.AddEmployeeTest">
    <failure type="java.lang.NullPointerException">
      <![CDATA[java.lang.NullPointerException
at com.hrms.testcases.AddEmployeeTest.addEmployee(AddEmployeeTest.java:20)
at java.util.ArrayList.forEach(ArrayList.java:1257)
... Removed 27 stack frames]]>
    </failure>
  </testcase> <!-- addEmployee -->
  <testcase name="addEmployee" time="0.002" classname="com.hrms.testcases.AddEmployeeTest">
    <failure type="java.lang.NullPointerException">
      <![CDATA[java.lang.NullPointerException
at com.hrms.testcases.AddEmployeeTest.addEmployee(AddEmployeeTest.java:20)
at java.util.ArrayList.forEach(ArrayList.java:1257)
... Removed 27 stack frames]]>
    </failure>
  </testcase> <!-- addEmployee -->
  <testcase name="addEmployee" time="0.001" classname="com.hrms.testcases.AddEmployeeTest">
    <failure type="java.lang.NullPointerException">
      <![CDATA[java.lang.NullPointerException
at com.hrms.testcases.AddEmployeeTest.addEmployee(AddEmployeeTest.java:20)
at java.util.ArrayList.forEach(ArrayList.java:1257)
... Removed 27 stack frames]]>
    </failure>
  </testcase> <!-- addEmployee -->
  <testcase name="addEmployee" time="0.001" classname="com.hrms.testcases.AddEmployeeTest">
    <failure type="java.lang.NullPointerException">
      <![CDATA[java.lang.NullPointerException
at com.hrms.testcases.AddEmployeeTest.addEmployee(AddEmployeeTest.java:20)
at java.util.ArrayList.forEach(ArrayList.java:1257)
... Removed 27 stack frames]]>
    </failure>
  </testcase> <!-- addEmployee -->
  <testcase name="addMultipleEmployees" time="0.001" classname="com.hrms.testcases.AddEmployeeTest">
    <failure type="java.lang.NullPointerException">
      <![CDATA[java.lang.NullPointerException
at com.hrms.testcases.AddEmployeeTest.addMultipleEmployees(AddEmployeeTest.java:40)
at java.util.ArrayList.forEach(ArrayList.java:1257)
... Removed 27 stack frames]]>
    </failure>
  </testcase> <!-- addMultipleEmployees -->
  <testcase name="invalidLogin" time="0.001" classname="com.hrms.testcases.LoginTest">
    <failure type="java.lang.NullPointerException">
      <![CDATA[java.lang.NullPointerException
at com.hrms.testcases.LoginTest.invalidLogin(LoginTest.java:26)
at java.util.ArrayList.forEach(ArrayList.java:1257)
... Removed 27 stack frames]]>
    </failure>
  </testcase> <!-- invalidLogin -->
  <testcase name="invalidLogin" time="0.001" classname="com.hrms.testcases.LoginTest">
    <failure type="java.lang.NullPointerException">
      <![CDATA[java.lang.NullPointerException
at com.hrms.testcases.LoginTest.invalidLogin(LoginTest.java:26)
at java.util.ArrayList.forEach(ArrayList.java:1257)
... Removed 27 stack frames]]>
    </failure>
  </testcase> <!-- invalidLogin -->
  <testcase name="invalidLogin" time="0.002" classname="com.hrms.testcases.LoginTest">
    <failure type="java.lang.NullPointerException">
      <![CDATA[java.lang.NullPointerException
at com.hrms.testcases.LoginTest.invalidLogin(LoginTest.java:26)
at java.util.ArrayList.forEach(ArrayList.java:1257)
... Removed 27 stack frames]]>
    </failure>
  </testcase> <!-- invalidLogin -->
  <testcase name="validLogin" time="0.0" classname="com.hrms.testcases.LoginTest">
    <ignored/>
  </testcase> <!-- validLogin -->
</testsuite> <!-- Regression Test -->
