-------------------------------------------------------------------------------
Test set: TestSuite
-------------------------------------------------------------------------------
Tests run: 1, Failures: 1, Errors: 0, Skipped: 0, Time elapsed: 14.956 s <<< FAILURE! - in TestSuite
com.hrms.testcases.LoginTest.validLogin  Time elapsed: 2.999 s  <<< FAILURE!
java.lang.NullPointerException
	at com.hrms.testcases.LoginTest.validLogin(LoginTest.java:20)

