<?xml version="1.0" encoding="UTF-8"?>
<testng-results skipped="0" failed="0" ignored="0" total="1" passed="1">
  <reporter-output>
  </reporter-output>
  <suite name="Default suite" duration-ms="12082" started-at="2020-09-07T00:00:14 ALMT" finished-at="2020-09-07T00:00:26 ALMT">
    <groups>
    </groups>
    <test name="Default test" duration-ms="12082" started-at="2020-09-07T00:00:14 ALMT" finished-at="2020-09-07T00:00:26 ALMT">
      <class name="com.hrms.testcases.InvalidLogin">
        <test-method status="PASS" signature="setUp()[pri:0, instance:com.hrms.testcases.InvalidLogin@167fdd33]" name="setUp" is-config="true" duration-ms="11196" started-at="2020-09-07T00:00:14 ALMT" finished-at="2020-09-07T00:00:25 ALMT">
          <reporter-output>
          </reporter-output>
        </test-method> <!-- setUp -->
        <test-method status="PASS" signature="emptyUsername()[pri:0, instance:com.hrms.testcases.InvalidLogin@167fdd33]" name="emptyUsername" duration-ms="233" started-at="2020-09-07T00:00:25 ALMT" finished-at="2020-09-07T00:00:25 ALMT">
          <reporter-output>
          </reporter-output>
        </test-method> <!-- emptyUsername -->
        <test-method status="PASS" signature="tearDown()[pri:0, instance:com.hrms.testcases.InvalidLogin@167fdd33]" name="tearDown" is-config="true" duration-ms="618" started-at="2020-09-07T00:00:25 ALMT" finished-at="2020-09-07T00:00:26 ALMT">
          <reporter-output>
          </reporter-output>
        </test-method> <!-- tearDown -->
      </class> <!-- com.hrms.testcases.InvalidLogin -->
    </test> <!-- Default test -->
  </suite> <!-- Default suite -->
</testng-results>
